Arguments: 
  /Users/blake/.nvm/versions/node/v12.18.0/bin/node /Users/blake/.nvm/versions/node/v12.18.0/bin/yarn init create-bannz

PATH: 
  /Users/blake/.nvm/versions/node/v12.18.0/bin:/Users/blake/.netlify/helper/bin:/Users/blake/.yarn/bin:/Users/blake/.config/yarn/global/node_modules/.bin:/usr/local/bin:/usr/bin:/bin:/usr/sbin:/sbin:/Library/Apple/usr/bin:/Library/Frameworks/Mono.framework/Versions/Current/Commands:/Users/blake/.nvm/versions/node/v12.18.0/bin:/Users/blake/.netlify/helper/bin:/Users/blake/.yarn/bin:/Users/blake/.config/yarn/global/node_modules/.bin

Yarn version: 
  1.22.10

Node version: 
  12.18.0

Platform: 
  darwin x64

Trace: 
  Error: canceled
      at Interface.<anonymous> (/Users/blake/.nvm/versions/node/v12.18.0/lib/node_modules/yarn/lib/cli.js:136216:13)
      at Interface.emit (events.js:315:20)
      at Interface._ttyWrite (readline.js:866:16)
      at ReadStream.onkeypress (readline.js:205:10)
      at ReadStream.emit (events.js:315:20)
      at emitKeys (internal/readline/utils.js:335:14)
      at emitKeys.next (<anonymous>)
      at ReadStream.onData (readline.js:1133:36)
      at ReadStream.emit (events.js:315:20)
      at addChunk (_stream_readable.js:295:12)

npm manifest: 
  {
  	"name": "create-bannz",
  	"version": "1.0.1",
  	"description": "Command line tool to create new instances of bannz_3000.",
  	"repository": "https://github.com/blakehicks/create-bannz.git",
  	"author": "Blake Hicks (https://github.com/blakehicks)",
  	"license": "MIT",
  	"exports": "./src/index.js",
  	"main": "src/index.js",
  	"type": "module",
  	"bin": {
  		"create-bannz": "src/index.js"
  	},
  	"files": [
  		"src"
  	]
  }

yarn manifest: 
  No manifest

Lockfile: 
  No lockfile
